# JRE version: OpenJDK Runtime Environment (11.0.15) (build 11.0.15+0-b2043.56-9505619)
# Java VM: OpenJDK 64-Bit Server VM (11.0.15+0-b2043.56-9505619, mixed mode, tiered, compressed oops, g1 gc, windows-amd64)
Heap:
 garbage-first heap   total 262144K, used 108117K [0x00000000a0000000, 0x0000000100000000)
  region size 1024K, 28 young (28672K), 9 survivors (9216K)
 Metaspace       used 87454K, capacity 90034K, committed 90248K, reserved 1128448K
  class space    used 11437K, capacity 12364K, committed 12416K, reserved 1048576K
GC Heap History (20 events):
Event: 16.893 GC heap before
{Heap before GC invocations=2 (full 0):
 garbage-first heap   total 262144K, used 45969K [0x00000000a0000000, 0x0000000100000000)
  region size 1024K, 40 young (40960K), 9 survivors (9216K)
 Metaspace       used 20677K, capacity 21138K, committed 21296K, reserved 1069056K
  class space    used 2480K, capacity 2626K, committed 2688K, reserved 1048576K
}
Event: 16.931 GC heap after
{Heap after GC invocations=3 (full 0):
 garbage-first heap   total 262144K, used 17627K [0x00000000a0000000, 0x0000000100000000)
  region size 1024K, 2 young (2048K), 2 survivors (2048K)
 Metaspace       used 20677K, capacity 21138K, committed 21296K, reserved 1069056K
  class space    used 2480K, capacity 2626K, committed 2688K, reserved 1048576K
}
Event: 20.589 GC heap before
{Heap before GC invocations=4 (full 0):
 garbage-first heap   total 262144K, used 82139K [0x00000000a0000000, 0x0000000100000000)
  region size 1024K, 65 young (66560K), 2 survivors (2048K)
 Metaspace       used 26936K, capacity 27512K, committed 27696K, reserved 1073152K
  class space    used 3463K, capacity 3672K, committed 3712K, reserved 1048576K
}
Event: 20.599 GC heap after
{Heap after GC invocations=5 (full 0):
 garbage-first heap   total 262144K, used 19667K [0x00000000a0000000, 0x0000000100000000)
  region size 1024K, 4 young (4096K), 4 survivors (4096K)
 Metaspace       used 26936K, capacity 27512K, committed 27696K, reserved 1073152K
  class space    used 3463K, capacity 3672K, committed 3712K, reserved 1048576K
}
Event: 25.295 GC heap before
{Heap before GC invocations=5 (full 0):
 garbage-first heap   total 262144K, used 71891K [0x00000000a0000000, 0x0000000100000000)
  region size 1024K, 56 young (57344K), 4 survivors (4096K)
 Metaspace       used 35052K, capacity 35790K, committed 35920K, reserved 1081344K
  class space    used 4461K, capacity 4774K, committed 4864K, reserved 1048576K
}
Event: 25.334 GC heap after
{Heap after GC invocations=6 (full 0):
 garbage-first heap   total 262144K, used 23087K [0x00000000a0000000, 0x0000000100000000)
  region size 1024K, 7 young (7168K), 7 survivors (7168K)
 Metaspace       used 35052K, capacity 35790K, committed 35920K, reserved 1081344K
  class space    used 4461K, capacity 4774K, committed 4864K, reserved 1048576K
}
Event: 34.283 GC heap before
{Heap before GC invocations=7 (full 0):
 garbage-first heap   total 262144K, used 137775K [0x00000000a0000000, 0x0000000100000000)
  region size 1024K, 116 young (118784K), 7 survivors (7168K)
 Metaspace       used 43888K, capacity 45001K, committed 45136K, reserved 1089536K
  class space    used 5494K, capacity 5871K, committed 5888K, reserved 1048576K
}
Event: 34.330 GC heap after
{Heap after GC invocations=8 (full 0):
 garbage-first heap   total 262144K, used 29923K [0x00000000a0000000, 0x0000000100000000)
  region size 1024K, 14 young (14336K), 14 survivors (14336K)
 Metaspace       used 43888K, capacity 45001K, committed 45136K, reserved 1089536K
  class space    used 5494K, capacity 5871K, committed 5888K, reserved 1048576K
}
Event: 47.315 GC heap before
{Heap before GC invocations=8 (full 0):
 garbage-first heap   total 262144K, used 166115K [0x00000000a0000000, 0x0000000100000000)
  region size 1024K, 138 young (141312K), 14 survivors (14336K)
 Metaspace       used 50945K, capacity 52370K, committed 52688K, reserved 1095680K
  class space    used 6396K, capacity 6934K, committed 7040K, reserved 1048576K
}
Event: 47.362 GC heap after
{Heap after GC invocations=9 (full 0):
 garbage-first heap   total 262144K, used 49191K [0x00000000a0000000, 0x0000000100000000)
  region size 1024K, 17 young (17408K), 17 survivors (17408K)
 Metaspace       used 50945K, capacity 52370K, committed 52688K, reserved 1095680K
  class space    used 6396K, capacity 6934K, committed 7040K, reserved 1048576K
}
Event: 51.659 GC heap before
{Heap before GC invocations=9 (full 0):
 garbage-first heap   total 262144K, used 106535K [0x00000000a0000000, 0x0000000100000000)
  region size 1024K, 74 young (75776K), 17 survivors (17408K)
 Metaspace       used 58470K, capacity 60087K, committed 60296K, reserved 1101824K
  class space    used 7359K, capacity 7949K, committed 8064K, reserved 1048576K
}
Event: 51.712 GC heap after
{Heap after GC invocations=10 (full 0):
 garbage-first heap   total 262144K, used 51615K [0x00000000a0000000, 0x0000000100000000)
  region size 1024K, 13 young (13312K), 13 survivors (13312K)
 Metaspace       used 58470K, capacity 60087K, committed 60296K, reserved 1101824K
  class space    used 7359K, capacity 7949K, committed 8064K, reserved 1048576K
}
Event: 60.425 GC heap before
{Heap before GC invocations=11 (full 0):
 garbage-first heap   total 262144K, used 172447K [0x00000000a0000000, 0x0000000100000000)
  region size 1024K, 131 young (134144K), 13 survivors (13312K)
 Metaspace       used 67212K, capacity 68858K, committed 69000K, reserved 1110016K
  class space    used 8410K, capacity 9039K, committed 9088K, reserved 1048576K
}
Event: 60.470 GC heap after
{Heap after GC invocations=12 (full 0):
 garbage-first heap   total 262144K, used 58765K [0x00000000a0000000, 0x0000000100000000)
  region size 1024K, 10 young (10240K), 10 survivors (10240K)
 Metaspace       used 67212K, capacity 68858K, committed 69000K, reserved 1110016K
  class space    used 8410K, capacity 9039K, committed 9088K, reserved 1048576K
}
Event: 66.310 GC heap before
{Heap before GC invocations=12 (full 0):
 garbage-first heap   total 262144K, used 185741K [0x00000000a0000000, 0x0000000100000000)
  region size 1024K, 131 young (134144K), 10 survivors (10240K)
 Metaspace       used 69416K, capacity 71510K, committed 71816K, reserved 1112064K
  class space    used 8761K, capacity 9497K, committed 9600K, reserved 1048576K
}
Event: 66.346 GC heap after
{Heap after GC invocations=13 (full 0):
 garbage-first heap   total 262144K, used 71131K [0x00000000a0000000, 0x0000000100000000)
  region size 1024K, 17 young (17408K), 17 survivors (17408K)
 Metaspace       used 69416K, capacity 71510K, committed 71816K, reserved 1112064K
  class space    used 8761K, capacity 9497K, committed 9600K, reserved 1048576K
}
Event: 72.984 GC heap before
{Heap before GC invocations=13 (full 0):
 garbage-first heap   total 262144K, used 189915K [0x00000000a0000000, 0x0000000100000000)
  region size 1024K, 133 young (136192K), 17 survivors (17408K)
 Metaspace       used 77005K, capacity 79202K, committed 79496K, reserved 1118208K
  class space    used 9968K, capacity 10787K, committed 10880K, reserved 1048576K
}
Event: 73.036 GC heap after
{Heap after GC invocations=14 (full 0):
 garbage-first heap   total 262144K, used 81434K [0x00000000a0000000, 0x0000000100000000)
  region size 1024K, 10 young (10240K), 10 survivors (10240K)
 Metaspace       used 77005K, capacity 79202K, committed 79496K, reserved 1118208K
  class space    used 9968K, capacity 10787K, committed 10880K, reserved 1048576K
}
Event: 79.704 GC heap before
{Heap before GC invocations=14 (full 0):
 garbage-first heap   total 262144K, used 195098K [0x00000000a0000000, 0x0000000100000000)
  region size 1024K, 122 young (124928K), 10 survivors (10240K)
 Metaspace       used 86918K, capacity 89472K, committed 89608K, reserved 1126400K
  class space    used 11349K, capacity 12282K, committed 12288K, reserved 1048576K
}
Event: 79.748 GC heap after
{Heap after GC invocations=15 (full 0):
 garbage-first heap   total 262144K, used 89685K [0x00000000a0000000, 0x0000000100000000)
  region size 1024K, 9 young (9216K), 9 survivors (9216K)
 Metaspace       used 86918K, capacity 89472K, committed 89608K, reserved 1126400K
  class space    used 11349K, capacity 12282K, committed 12288K, reserved 1048576K
}

